<?xml version="1.0" encoding="UTF-8"?>
<testng-results ignored="0" total="1" passed="1" failed="0" skipped="0">
  <reporter-output>
  </reporter-output>
  <suite started-at="2022-12-21T15:41:41Z" name="Default suite" finished-at="2022-12-21T15:41:56Z" duration-ms="14390">
    <groups>
    </groups>
    <test started-at="2022-12-21T15:41:41Z" name="Default test" finished-at="2022-12-21T15:41:56Z" duration-ms="14390">
      <class name="com.CalculatorInc.Framework.LoginPageTest">
        <test-method signature="loginTest()[pri:0, instance:com.CalculatorInc.Framework.LoginPageTest@21ba0741]" started-at="2022-12-21T15:41:41Z" name="loginTest" finished-at="2022-12-21T15:41:56Z" duration-ms="14316" status="PASS">
          <reporter-output>
          </reporter-output>
        </test-method> <!-- loginTest -->
      </class> <!-- com.CalculatorInc.Framework.LoginPageTest -->
    </test> <!-- Default test -->
  </suite> <!-- Default suite -->
</testng-results>
